Started GET "/" for ::1 at 2023-06-05 14:22:27 -0300
  
ActiveRecord::NoDatabaseError (connection to server on socket "/var/run/postgresql/.s.PGSQL.5432" failed: FATAL:  database "aplication-postgres_development" does not exist
):
  
activerecord (5.2.8.1) lib/active_record/connection_adapters/postgresql_adapter.rb:696:in `rescue in connect'
activerecord (5.2.8.1) lib/active_record/connection_adapters/postgresql_adapter.rb:691:in `connect'
activerecord (5.2.8.1) lib/active_record/connection_adapters/postgresql_adapter.rb:223:in `initialize'
activerecord (5.2.8.1) lib/active_record/connection_adapters/postgresql_adapter.rb:48:in `new'
activerecord (5.2.8.1) lib/active_record/connection_adapters/postgresql_adapter.rb:48:in `postgresql_connection'
activerecord (5.2.8.1) lib/active_record/connection_adapters/abstract/connection_pool.rb:830:in `new_connection'
activerecord (5.2.8.1) lib/active_record/connection_adapters/abstract/connection_pool.rb:874:in `checkout_new_connection'
activerecord (5.2.8.1) lib/active_record/connection_adapters/abstract/connection_pool.rb:853:in `try_to_checkout_new_connection'
activerecord (5.2.8.1) lib/active_record/connection_adapters/abstract/connection_pool.rb:814:in `acquire_connection'
activerecord (5.2.8.1) lib/active_record/connection_adapters/abstract/connection_pool.rb:538:in `checkout'
activerecord (5.2.8.1) lib/active_record/connection_adapters/abstract/connection_pool.rb:382:in `connection'
activerecord (5.2.8.1) lib/active_record/connection_adapters/abstract/connection_pool.rb:1033:in `retrieve_connection'
activerecord (5.2.8.1) lib/active_record/connection_handling.rb:118:in `retrieve_connection'
activerecord (5.2.8.1) lib/active_record/connection_handling.rb:90:in `connection'
activerecord (5.2.8.1) lib/active_record/migration.rb:554:in `call'
actionpack (5.2.8.1) lib/action_dispatch/middleware/callbacks.rb:28:in `block in call'
activesupport (5.2.8.1) lib/active_support/callbacks.rb:98:in `run_callbacks'
actionpack (5.2.8.1) lib/action_dispatch/middleware/callbacks.rb:26:in `call'
actionpack (5.2.8.1) lib/action_dispatch/middleware/executor.rb:14:in `call'
actionpack (5.2.8.1) lib/action_dispatch/middleware/debug_exceptions.rb:61:in `call'
web-console (3.7.0) lib/web_console/middleware.rb:135:in `call_app'
web-console (3.7.0) lib/web_console/middleware.rb:30:in `block in call'
web-console (3.7.0) lib/web_console/middleware.rb:20:in `catch'
web-console (3.7.0) lib/web_console/middleware.rb:20:in `call'
actionpack (5.2.8.1) lib/action_dispatch/middleware/show_exceptions.rb:33:in `call'
railties (5.2.8.1) lib/rails/rack/logger.rb:38:in `call_app'
railties (5.2.8.1) lib/rails/rack/logger.rb:26:in `block in call'
activesupport (5.2.8.1) lib/active_support/tagged_logging.rb:71:in `block in tagged'
activesupport (5.2.8.1) lib/active_support/tagged_logging.rb:28:in `tagged'
activesupport (5.2.8.1) lib/active_support/tagged_logging.rb:71:in `tagged'
railties (5.2.8.1) lib/rails/rack/logger.rb:26:in `call'
sprockets-rails (3.4.2) lib/sprockets/rails/quiet_assets.rb:13:in `call'
actionpack (5.2.8.1) lib/action_dispatch/middleware/remote_ip.rb:81:in `call'
actionpack (5.2.8.1) lib/action_dispatch/middleware/request_id.rb:27:in `call'
rack (2.2.7) lib/rack/method_override.rb:24:in `call'
rack (2.2.7) lib/rack/runtime.rb:22:in `call'
activesupport (5.2.8.1) lib/active_support/cache/strategy/local_cache_middleware.rb:29:in `call'
actionpack (5.2.8.1) lib/action_dispatch/middleware/executor.rb:14:in `call'
actionpack (5.2.8.1) lib/action_dispatch/middleware/static.rb:127:in `call'
rack (2.2.7) lib/rack/sendfile.rb:110:in `call'
railties (5.2.8.1) lib/rails/engine.rb:524:in `call'
puma (3.12.6) lib/puma/configuration.rb:227:in `call'
puma (3.12.6) lib/puma/server.rb:706:in `handle_request'
puma (3.12.6) lib/puma/server.rb:476:in `process_client'
puma (3.12.6) lib/puma/server.rb:334:in `block in run'
puma (3.12.6) lib/puma/thread_pool.rb:135:in `block in spawn_thread'
Started GET "/" for ::1 at 2023-06-05 14:22:27 -0300
  
ActiveRecord::NoDatabaseError (connection to server on socket "/var/run/postgresql/.s.PGSQL.5432" failed: FATAL:  database "aplication-postgres_development" does not exist
):
  
activerecord (5.2.8.1) lib/active_record/connection_adapters/postgresql_adapter.rb:696:in `rescue in connect'
activerecord (5.2.8.1) lib/active_record/connection_adapters/postgresql_adapter.rb:691:in `connect'
activerecord (5.2.8.1) lib/active_record/connection_adapters/postgresql_adapter.rb:223:in `initialize'
activerecord (5.2.8.1) lib/active_record/connection_adapters/postgresql_adapter.rb:48:in `new'
activerecord (5.2.8.1) lib/active_record/connection_adapters/postgresql_adapter.rb:48:in `postgresql_connection'
activerecord (5.2.8.1) lib/active_record/connection_adapters/abstract/connection_pool.rb:830:in `new_connection'
activerecord (5.2.8.1) lib/active_record/connection_adapters/abstract/connection_pool.rb:874:in `checkout_new_connection'
activerecord (5.2.8.1) lib/active_record/connection_adapters/abstract/connection_pool.rb:853:in `try_to_checkout_new_connection'
activerecord (5.2.8.1) lib/active_record/connection_adapters/abstract/connection_pool.rb:814:in `acquire_connection'
activerecord (5.2.8.1) lib/active_record/connection_adapters/abstract/connection_pool.rb:538:in `checkout'
activerecord (5.2.8.1) lib/active_record/connection_adapters/abstract/connection_pool.rb:382:in `connection'
activerecord (5.2.8.1) lib/active_record/connection_adapters/abstract/connection_pool.rb:1033:in `retrieve_connection'
activerecord (5.2.8.1) lib/active_record/connection_handling.rb:118:in `retrieve_connection'
activerecord (5.2.8.1) lib/active_record/connection_handling.rb:90:in `connection'
activerecord (5.2.8.1) lib/active_record/migration.rb:554:in `call'
actionpack (5.2.8.1) lib/action_dispatch/middleware/callbacks.rb:28:in `block in call'
activesupport (5.2.8.1) lib/active_support/callbacks.rb:98:in `run_callbacks'
actionpack (5.2.8.1) lib/action_dispatch/middleware/callbacks.rb:26:in `call'
actionpack (5.2.8.1) lib/action_dispatch/middleware/executor.rb:14:in `call'
actionpack (5.2.8.1) lib/action_dispatch/middleware/debug_exceptions.rb:61:in `call'
web-console (3.7.0) lib/web_console/middleware.rb:135:in `call_app'
web-console (3.7.0) lib/web_console/middleware.rb:30:in `block in call'
web-console (3.7.0) lib/web_console/middleware.rb:20:in `catch'
web-console (3.7.0) lib/web_console/middleware.rb:20:in `call'
actionpack (5.2.8.1) lib/action_dispatch/middleware/show_exceptions.rb:33:in `call'
railties (5.2.8.1) lib/rails/rack/logger.rb:38:in `call_app'
railties (5.2.8.1) lib/rails/rack/logger.rb:26:in `block in call'
activesupport (5.2.8.1) lib/active_support/tagged_logging.rb:71:in `block in tagged'
activesupport (5.2.8.1) lib/active_support/tagged_logging.rb:28:in `tagged'
activesupport (5.2.8.1) lib/active_support/tagged_logging.rb:71:in `tagged'
railties (5.2.8.1) lib/rails/rack/logger.rb:26:in `call'
sprockets-rails (3.4.2) lib/sprockets/rails/quiet_assets.rb:13:in `call'
actionpack (5.2.8.1) lib/action_dispatch/middleware/remote_ip.rb:81:in `call'
actionpack (5.2.8.1) lib/action_dispatch/middleware/request_id.rb:27:in `call'
rack (2.2.7) lib/rack/method_override.rb:24:in `call'
rack (2.2.7) lib/rack/runtime.rb:22:in `call'
activesupport (5.2.8.1) lib/active_support/cache/strategy/local_cache_middleware.rb:29:in `call'
actionpack (5.2.8.1) lib/action_dispatch/middleware/executor.rb:14:in `call'
actionpack (5.2.8.1) lib/action_dispatch/middleware/static.rb:127:in `call'
rack (2.2.7) lib/rack/sendfile.rb:110:in `call'
railties (5.2.8.1) lib/rails/engine.rb:524:in `call'
puma (3.12.6) lib/puma/configuration.rb:227:in `call'
puma (3.12.6) lib/puma/server.rb:706:in `handle_request'
puma (3.12.6) lib/puma/server.rb:476:in `process_client'
puma (3.12.6) lib/puma/server.rb:334:in `block in run'
puma (3.12.6) lib/puma/thread_pool.rb:135:in `block in spawn_thread'
  [1m[35m (83.5ms)[0m  [1m[35mCREATE DATABASE "aplication-postgres_development" ENCODING = 'unicode'[0m
  ↳ bin/rails:9
  [1m[35m (67.1ms)[0m  [1m[35mCREATE DATABASE "aplication-postgres_test" ENCODING = 'unicode'[0m
  ↳ bin/rails:9
  [1m[35m (9.0ms)[0m  [1m[35mCREATE TABLE "schema_migrations" ("version" character varying NOT NULL PRIMARY KEY)[0m
  ↳ bin/rails:9
  [1m[35m (4.3ms)[0m  [1m[35mCREATE TABLE "ar_internal_metadata" ("key" character varying NOT NULL PRIMARY KEY, "value" character varying, "created_at" timestamp NOT NULL, "updated_at" timestamp NOT NULL)[0m
  ↳ bin/rails:9
  [1m[35m (0.2ms)[0m  [1m[34mSELECT pg_try_advisory_lock(3263600437066128285)[0m
  ↳ bin/rails:9
  [1m[35m (0.6ms)[0m  [1m[34mSELECT "schema_migrations"."version" FROM "schema_migrations" ORDER BY "schema_migrations"."version" ASC[0m
  ↳ bin/rails:9
  [1m[36mActiveRecord::InternalMetadata Load (0.3ms)[0m  [1m[34mSELECT  "ar_internal_metadata".* FROM "ar_internal_metadata" WHERE "ar_internal_metadata"."key" = $1 LIMIT $2[0m  [["key", "environment"], ["LIMIT", 1]]
  ↳ bin/rails:9
  [1m[35m (0.1ms)[0m  [1m[35mBEGIN[0m
  ↳ bin/rails:9
  [1m[36mActiveRecord::InternalMetadata Create (0.5ms)[0m  [1m[32mINSERT INTO "ar_internal_metadata" ("key", "value", "created_at", "updated_at") VALUES ($1, $2, $3, $4) RETURNING "key"[0m  [["key", "environment"], ["value", "development"], ["created_at", "2023-06-05 17:23:43.435782"], ["updated_at", "2023-06-05 17:23:43.435782"]]
  ↳ bin/rails:9
  [1m[35m (0.6ms)[0m  [1m[35mCOMMIT[0m
  ↳ bin/rails:9
  [1m[35m (0.3ms)[0m  [1m[34mSELECT pg_advisory_unlock(3263600437066128285)[0m
  ↳ bin/rails:9
  [1m[35m (0.3ms)[0m  [1m[34mSELECT "schema_migrations"."version" FROM "schema_migrations" ORDER BY "schema_migrations"."version" ASC[0m
  ↳ bin/rails:9
Started GET "/" for ::1 at 2023-06-05 14:24:05 -0300
Processing by Rails::WelcomeController#index as HTML
  Rendering /home/studie/.rvm/gems/ruby-2.7.2/gems/railties-5.2.8.1/lib/rails/templates/rails/welcome/index.html.erb
  Rendered /home/studie/.rvm/gems/ruby-2.7.2/gems/railties-5.2.8.1/lib/rails/templates/rails/welcome/index.html.erb (2.4ms)
Completed 200 OK in 11ms (Views: 4.4ms | ActiveRecord: 0.0ms)


Started GET "/" for ::1 at 2023-06-05 19:21:05 -0300
Processing by Rails::WelcomeController#index as HTML
  Rendering /home/studie/.rvm/gems/ruby-2.7.2/gems/railties-5.2.8.1/lib/rails/templates/rails/welcome/index.html.erb
  Rendered /home/studie/.rvm/gems/ruby-2.7.2/gems/railties-5.2.8.1/lib/rails/templates/rails/welcome/index.html.erb (2.5ms)
Completed 200 OK in 12ms (Views: 5.0ms | ActiveRecord: 0.0ms)


Started GET "/index" for ::1 at 2023-06-05 19:21:24 -0300
  
ActionController::RoutingError (No route matches [GET] "/index"):
  
actionpack (5.2.8.1) lib/action_dispatch/middleware/debug_exceptions.rb:65:in `call'
web-console (3.7.0) lib/web_console/middleware.rb:135:in `call_app'
web-console (3.7.0) lib/web_console/middleware.rb:30:in `block in call'
web-console (3.7.0) lib/web_console/middleware.rb:20:in `catch'
web-console (3.7.0) lib/web_console/middleware.rb:20:in `call'
actionpack (5.2.8.1) lib/action_dispatch/middleware/show_exceptions.rb:33:in `call'
railties (5.2.8.1) lib/rails/rack/logger.rb:38:in `call_app'
railties (5.2.8.1) lib/rails/rack/logger.rb:26:in `block in call'
activesupport (5.2.8.1) lib/active_support/tagged_logging.rb:71:in `block in tagged'
activesupport (5.2.8.1) lib/active_support/tagged_logging.rb:28:in `tagged'
activesupport (5.2.8.1) lib/active_support/tagged_logging.rb:71:in `tagged'
railties (5.2.8.1) lib/rails/rack/logger.rb:26:in `call'
sprockets-rails (3.4.2) lib/sprockets/rails/quiet_assets.rb:13:in `call'
actionpack (5.2.8.1) lib/action_dispatch/middleware/remote_ip.rb:81:in `call'
actionpack (5.2.8.1) lib/action_dispatch/middleware/request_id.rb:27:in `call'
rack (2.2.7) lib/rack/method_override.rb:24:in `call'
rack (2.2.7) lib/rack/runtime.rb:22:in `call'
activesupport (5.2.8.1) lib/active_support/cache/strategy/local_cache_middleware.rb:29:in `call'
actionpack (5.2.8.1) lib/action_dispatch/middleware/executor.rb:14:in `call'
actionpack (5.2.8.1) lib/action_dispatch/middleware/static.rb:127:in `call'
rack (2.2.7) lib/rack/sendfile.rb:110:in `call'
railties (5.2.8.1) lib/rails/engine.rb:524:in `call'
puma (3.12.6) lib/puma/configuration.rb:227:in `call'
puma (3.12.6) lib/puma/server.rb:706:in `handle_request'
puma (3.12.6) lib/puma/server.rb:476:in `process_client'
puma (3.12.6) lib/puma/server.rb:334:in `block in run'
puma (3.12.6) lib/puma/thread_pool.rb:135:in `block in spawn_thread'
Started GET "/welcome/index" for ::1 at 2023-06-05 19:21:42 -0300
Processing by WelcomeController#index as HTML
  Rendering welcome/index.html.erb within layouts/application
  Rendered welcome/index.html.erb within layouts/application (0.4ms)
Completed 200 OK in 1347ms (Views: 1346.4ms | ActiveRecord: 0.0ms)


Started GET "/welcome/index" for ::1 at 2023-06-05 19:23:35 -0300
Processing by WelcomeController#index as HTML
  Rendering welcome/index.html.erb within layouts/application
  Rendered welcome/index.html.erb within layouts/application (0.6ms)
Completed 200 OK in 210ms (Views: 203.8ms | ActiveRecord: 0.0ms)


Started GET "/welcome/index" for ::1 at 2023-06-05 19:23:36 -0300
Processing by WelcomeController#index as HTML
  Rendering welcome/index.html.erb within layouts/application
  Rendered welcome/index.html.erb within layouts/application (0.6ms)
Completed 200 OK in 20ms (Views: 18.0ms | ActiveRecord: 0.0ms)


Started GET "/welcome/index" for ::1 at 2023-06-05 19:23:37 -0300
Processing by WelcomeController#index as HTML
  Rendering welcome/index.html.erb within layouts/application
  Rendered welcome/index.html.erb within layouts/application (0.5ms)
Completed 200 OK in 18ms (Views: 17.2ms | ActiveRecord: 0.0ms)


Started GET "/" for ::1 at 2023-06-05 19:23:40 -0300
Processing by WelcomeController#index as HTML
  Rendering welcome/index.html.erb within layouts/application
  Rendered welcome/index.html.erb within layouts/application (0.4ms)
Completed 200 OK in 18ms (Views: 17.1ms | ActiveRecord: 0.0ms)


Started GET "/" for ::1 at 2023-06-05 19:23:44 -0300
Processing by WelcomeController#index as HTML
  Rendering welcome/index.html.erb within layouts/application
  Rendered welcome/index.html.erb within layouts/application (0.6ms)
Completed 200 OK in 19ms (Views: 17.8ms | ActiveRecord: 0.0ms)


Started GET "/" for ::1 at 2023-06-05 19:23:45 -0300
Processing by WelcomeController#index as HTML
  Rendering welcome/index.html.erb within layouts/application
  Rendered welcome/index.html.erb within layouts/application (0.5ms)
Completed 200 OK in 20ms (Views: 18.3ms | ActiveRecord: 0.0ms)


Started GET "/" for ::1 at 2023-06-05 20:21:48 -0300
Processing by WelcomeController#index as HTML
Filter chain halted as #<Proc:0x000055852b9e5128 /home/studie/.rvm/gems/ruby-2.7.2/gems/actionpack-5.2.8.1/lib/action_controller/metal/http_authentication.rb:72> rendered or redirected
Completed 401 Unauthorized in 5ms (ActiveRecord: 0.0ms)


Started GET "/" for ::1 at 2023-06-05 20:21:53 -0300
Processing by WelcomeController#index as HTML
  Rendering welcome/index.html.erb within layouts/application
  Rendered welcome/index.html.erb within layouts/application (0.7ms)
Completed 200 OK in 215ms (Views: 213.2ms | ActiveRecord: 0.0ms)


Started GET "/" for ::1 at 2023-06-06 06:51:04 -0300
Processing by WelcomeController#index as HTML
Filter chain halted as #<Proc:0x0000555b14036f28 /home/studie/.rvm/gems/ruby-2.7.2/gems/actionpack-5.2.8.1/lib/action_controller/metal/http_authentication.rb:72> rendered or redirected
Completed 401 Unauthorized in 5ms (ActiveRecord: 0.0ms)


Started GET "/" for ::1 at 2023-06-06 06:51:11 -0300
Processing by WelcomeController#index as HTML
  Rendering welcome/index.html.erb within layouts/application
  Rendered welcome/index.html.erb within layouts/application (1.0ms)
Completed 200 OK in 223ms (Views: 220.9ms | ActiveRecord: 0.0ms)


  [1m[35m (0.3ms)[0m  [1m[34mSELECT pg_try_advisory_lock(3263600437066128285)[0m
  ↳ bin/rails:9
  [1m[35m (0.9ms)[0m  [1m[34mSELECT "schema_migrations"."version" FROM "schema_migrations" ORDER BY "schema_migrations"."version" ASC[0m
  ↳ bin/rails:9
Migrating to DeviseCreateAdmins (20230606105757)
  [1m[35m (0.3ms)[0m  [1m[35mBEGIN[0m
  ↳ bin/rails:9
  [1m[35m (22.0ms)[0m  [1m[35mCREATE TABLE "admins" ("id" bigserial primary key, "email" character varying DEFAULT '' NOT NULL, "encrypted_password" character varying DEFAULT '' NOT NULL, "reset_password_token" character varying, "reset_password_sent_at" timestamp, "remember_created_at" timestamp, "created_at" timestamp NOT NULL, "updated_at" timestamp NOT NULL)[0m
  ↳ db/migrate/20230606105757_devise_create_admins.rb:5
  [1m[35m (2.0ms)[0m  [1m[35mCREATE UNIQUE INDEX  "index_admins_on_email" ON "admins"  ("email")[0m
  ↳ db/migrate/20230606105757_devise_create_admins.rb:39
  [1m[35m (1.6ms)[0m  [1m[35mCREATE UNIQUE INDEX  "index_admins_on_reset_password_token" ON "admins"  ("reset_password_token")[0m
  ↳ db/migrate/20230606105757_devise_create_admins.rb:40
  [1m[36mActiveRecord::SchemaMigration Create (0.6ms)[0m  [1m[32mINSERT INTO "schema_migrations" ("version") VALUES ($1) RETURNING "version"[0m  [["version", "20230606105757"]]
  ↳ bin/rails:9
  [1m[35m (1.6ms)[0m  [1m[35mCOMMIT[0m
  ↳ bin/rails:9
Migrating to DeviseCreateProfiles (20230606105805)
  [1m[35m (0.3ms)[0m  [1m[35mBEGIN[0m
  ↳ bin/rails:9
  [1m[35m (5.7ms)[0m  [1m[35mCREATE TABLE "profiles" ("id" bigserial primary key, "email" character varying DEFAULT '' NOT NULL, "encrypted_password" character varying DEFAULT '' NOT NULL, "reset_password_token" character varying, "reset_password_sent_at" timestamp, "remember_created_at" timestamp, "created_at" timestamp NOT NULL, "updated_at" timestamp NOT NULL)[0m
  ↳ db/migrate/20230606105805_devise_create_profiles.rb:5
  [1m[35m (1.8ms)[0m  [1m[35mCREATE UNIQUE INDEX  "index_profiles_on_email" ON "profiles"  ("email")[0m
  ↳ db/migrate/20230606105805_devise_create_profiles.rb:39
  [1m[35m (2.0ms)[0m  [1m[35mCREATE UNIQUE INDEX  "index_profiles_on_reset_password_token" ON "profiles"  ("reset_password_token")[0m
  ↳ db/migrate/20230606105805_devise_create_profiles.rb:40
  [1m[36mActiveRecord::SchemaMigration Create (0.5ms)[0m  [1m[32mINSERT INTO "schema_migrations" ("version") VALUES ($1) RETURNING "version"[0m  [["version", "20230606105805"]]
  ↳ bin/rails:9
  [1m[35m (0.9ms)[0m  [1m[35mCOMMIT[0m
  ↳ bin/rails:9
  [1m[36mActiveRecord::InternalMetadata Load (1.4ms)[0m  [1m[34mSELECT  "ar_internal_metadata".* FROM "ar_internal_metadata" WHERE "ar_internal_metadata"."key" = $1 LIMIT $2[0m  [["key", "environment"], ["LIMIT", 1]]
  ↳ bin/rails:9
  [1m[35m (0.3ms)[0m  [1m[35mBEGIN[0m
  ↳ bin/rails:9
  [1m[35m (0.3ms)[0m  [1m[35mCOMMIT[0m
  ↳ bin/rails:9
  [1m[35m (0.3ms)[0m  [1m[34mSELECT pg_advisory_unlock(3263600437066128285)[0m
  ↳ bin/rails:9
  [1m[35m (0.5ms)[0m  [1m[34mSELECT "schema_migrations"."version" FROM "schema_migrations" ORDER BY "schema_migrations"."version" ASC[0m
  ↳ bin/rails:9
Started GET "/" for ::1 at 2023-06-06 08:15:51 -0300
  [1m[35m (0.8ms)[0m  [1m[34mSELECT "schema_migrations"."version" FROM "schema_migrations" ORDER BY "schema_migrations"."version" ASC[0m
  ↳ /home/studie/.rvm/gems/ruby-2.7.2/gems/activerecord-5.2.8.1/lib/active_record/log_subscriber.rb:98
Processing by WelcomeController#index as HTML
  Rendering welcome/index.html.erb within layouts/application
  Rendered welcome/index.html.erb within layouts/application (0.6ms)
Completed 200 OK in 192ms (Views: 186.8ms | ActiveRecord: 0.0ms)


Started GET "/" for ::1 at 2023-06-06 08:15:52 -0300
Processing by WelcomeController#index as HTML
  Rendering welcome/index.html.erb within layouts/application
  Rendered welcome/index.html.erb within layouts/application (0.4ms)
Completed 200 OK in 28ms (Views: 26.4ms | ActiveRecord: 0.0ms)


Started GET "/" for ::1 at 2023-06-06 08:15:53 -0300
Processing by WelcomeController#index as HTML
  Rendering welcome/index.html.erb within layouts/application
  Rendered welcome/index.html.erb within layouts/application (0.6ms)
Completed 200 OK in 43ms (Views: 41.5ms | ActiveRecord: 0.0ms)


Started GET "/" for ::1 at 2023-06-06 08:15:53 -0300
Processing by WelcomeController#index as HTML
  Rendering welcome/index.html.erb within layouts/application
  Rendered welcome/index.html.erb within layouts/application (0.4ms)
Completed 200 OK in 55ms (Views: 52.5ms | ActiveRecord: 0.0ms)


Started GET "/" for ::1 at 2023-06-06 08:15:53 -0300
Processing by WelcomeController#index as HTML
  Rendering welcome/index.html.erb within layouts/application
  Rendered welcome/index.html.erb within layouts/application (0.5ms)
Completed 200 OK in 54ms (Views: 52.5ms | ActiveRecord: 0.0ms)


Started GET "/" for ::1 at 2023-06-06 08:15:54 -0300
Processing by WelcomeController#index as HTML
  Rendering welcome/index.html.erb within layouts/application
  Rendered welcome/index.html.erb within layouts/application (0.4ms)
Completed 200 OK in 37ms (Views: 35.6ms | ActiveRecord: 0.0ms)


Started GET "/" for ::1 at 2023-06-06 08:15:54 -0300
Processing by WelcomeController#index as HTML
  Rendering welcome/index.html.erb within layouts/application
  Rendered welcome/index.html.erb within layouts/application (0.4ms)
Completed 200 OK in 22ms (Views: 21.1ms | ActiveRecord: 0.0ms)


Started GET "/" for ::1 at 2023-06-06 08:15:54 -0300
Processing by WelcomeController#index as HTML
  Rendering welcome/index.html.erb within layouts/application
  Rendered welcome/index.html.erb within layouts/application (0.3ms)
Completed 200 OK in 21ms (Views: 19.5ms | ActiveRecord: 0.0ms)


Started GET "/rails/info.rautes" for ::1 at 2023-06-06 08:17:47 -0300
Processing by Rails::InfoController#index as 
Redirected to http://localhost:3000/rails/info/routes
Completed 302 Found in 1ms (ActiveRecord: 0.0ms)


Started GET "/rails/info/routes" for ::1 at 2023-06-06 08:17:47 -0300
Processing by Rails::InfoController#routes as HTML
  Rendering /home/studie/.rvm/gems/ruby-2.7.2/gems/railties-5.2.8.1/lib/rails/templates/rails/info/routes.html.erb within layouts/application
  Rendered collection of /home/studie/.rvm/gems/ruby-2.7.2/gems/actionpack-5.2.8.1/lib/action_dispatch/middleware/templates/routes/_route.html.erb [37 times] (12.3ms)
  Rendered /home/studie/.rvm/gems/ruby-2.7.2/gems/actionpack-5.2.8.1/lib/action_dispatch/middleware/templates/routes/_table.html.erb (3.9ms)
  Rendered /home/studie/.rvm/gems/ruby-2.7.2/gems/railties-5.2.8.1/lib/rails/templates/rails/info/routes.html.erb within layouts/application (20.7ms)
Completed 200 OK in 26ms (Views: 23.5ms | ActiveRecord: 0.0ms)


Started GET "/" for ::1 at 2023-06-06 08:18:22 -0300
Processing by WelcomeController#index as HTML
  Rendering welcome/index.html.erb within layouts/application
  Rendered welcome/index.html.erb within layouts/application (0.3ms)
Completed 200 OK in 23ms (Views: 21.6ms | ActiveRecord: 0.0ms)


Started GET "/profiles/sign" for ::1 at 2023-06-06 08:18:26 -0300
  
ActionController::RoutingError (No route matches [GET] "/profiles/sign"):
  
actionpack (5.2.8.1) lib/action_dispatch/middleware/debug_exceptions.rb:65:in `call'
web-console (3.7.0) lib/web_console/middleware.rb:135:in `call_app'
web-console (3.7.0) lib/web_console/middleware.rb:30:in `block in call'
web-console (3.7.0) lib/web_console/middleware.rb:20:in `catch'
web-console (3.7.0) lib/web_console/middleware.rb:20:in `call'
actionpack (5.2.8.1) lib/action_dispatch/middleware/show_exceptions.rb:33:in `call'
railties (5.2.8.1) lib/rails/rack/logger.rb:38:in `call_app'
railties (5.2.8.1) lib/rails/rack/logger.rb:26:in `block in call'
activesupport (5.2.8.1) lib/active_support/tagged_logging.rb:71:in `block in tagged'
activesupport (5.2.8.1) lib/active_support/tagged_logging.rb:28:in `tagged'
activesupport (5.2.8.1) lib/active_support/tagged_logging.rb:71:in `tagged'
railties (5.2.8.1) lib/rails/rack/logger.rb:26:in `call'
sprockets-rails (3.4.2) lib/sprockets/rails/quiet_assets.rb:13:in `call'
actionpack (5.2.8.1) lib/action_dispatch/middleware/remote_ip.rb:81:in `call'
actionpack (5.2.8.1) lib/action_dispatch/middleware/request_id.rb:27:in `call'
rack (2.2.7) lib/rack/method_override.rb:24:in `call'
rack (2.2.7) lib/rack/runtime.rb:22:in `call'
activesupport (5.2.8.1) lib/active_support/cache/strategy/local_cache_middleware.rb:29:in `call'
actionpack (5.2.8.1) lib/action_dispatch/middleware/executor.rb:14:in `call'
actionpack (5.2.8.1) lib/action_dispatch/middleware/static.rb:127:in `call'
rack (2.2.7) lib/rack/sendfile.rb:110:in `call'
railties (5.2.8.1) lib/rails/engine.rb:524:in `call'
puma (3.12.6) lib/puma/configuration.rb:227:in `call'
puma (3.12.6) lib/puma/server.rb:706:in `handle_request'
puma (3.12.6) lib/puma/server.rb:476:in `process_client'
puma (3.12.6) lib/puma/server.rb:334:in `block in run'
puma (3.12.6) lib/puma/thread_pool.rb:135:in `block in spawn_thread'
Started GET "/profiles/sign-in" for ::1 at 2023-06-06 08:18:49 -0300
  
ActionController::RoutingError (No route matches [GET] "/profiles/sign-in"):
  
actionpack (5.2.8.1) lib/action_dispatch/middleware/debug_exceptions.rb:65:in `call'
web-console (3.7.0) lib/web_console/middleware.rb:135:in `call_app'
web-console (3.7.0) lib/web_console/middleware.rb:30:in `block in call'
web-console (3.7.0) lib/web_console/middleware.rb:20:in `catch'
web-console (3.7.0) lib/web_console/middleware.rb:20:in `call'
actionpack (5.2.8.1) lib/action_dispatch/middleware/show_exceptions.rb:33:in `call'
railties (5.2.8.1) lib/rails/rack/logger.rb:38:in `call_app'
railties (5.2.8.1) lib/rails/rack/logger.rb:26:in `block in call'
activesupport (5.2.8.1) lib/active_support/tagged_logging.rb:71:in `block in tagged'
activesupport (5.2.8.1) lib/active_support/tagged_logging.rb:28:in `tagged'
activesupport (5.2.8.1) lib/active_support/tagged_logging.rb:71:in `tagged'
railties (5.2.8.1) lib/rails/rack/logger.rb:26:in `call'
sprockets-rails (3.4.2) lib/sprockets/rails/quiet_assets.rb:13:in `call'
actionpack (5.2.8.1) lib/action_dispatch/middleware/remote_ip.rb:81:in `call'
actionpack (5.2.8.1) lib/action_dispatch/middleware/request_id.rb:27:in `call'
rack (2.2.7) lib/rack/method_override.rb:24:in `call'
rack (2.2.7) lib/rack/runtime.rb:22:in `call'
activesupport (5.2.8.1) lib/active_support/cache/strategy/local_cache_middleware.rb:29:in `call'
actionpack (5.2.8.1) lib/action_dispatch/middleware/executor.rb:14:in `call'
actionpack (5.2.8.1) lib/action_dispatch/middleware/static.rb:127:in `call'
rack (2.2.7) lib/rack/sendfile.rb:110:in `call'
railties (5.2.8.1) lib/rails/engine.rb:524:in `call'
puma (3.12.6) lib/puma/configuration.rb:227:in `call'
puma (3.12.6) lib/puma/server.rb:706:in `handle_request'
puma (3.12.6) lib/puma/server.rb:476:in `process_client'
puma (3.12.6) lib/puma/server.rb:334:in `block in run'
puma (3.12.6) lib/puma/thread_pool.rb:135:in `block in spawn_thread'
Started GET "/profiles/sign_in" for ::1 at 2023-06-06 08:19:06 -0300
Processing by Devise::SessionsController#new as HTML
  Rendering profiles/sessions/new.html.erb within layouts/application
  Rendered profiles/shared/_links.html.erb (1.2ms)
  Rendered profiles/sessions/new.html.erb within layouts/application (29.6ms)
Completed 200 OK in 82ms (Views: 60.2ms | ActiveRecord: 6.8ms)


Started GET "/admins/sign_in" for ::1 at 2023-06-06 08:21:40 -0300
Processing by Devise::SessionsController#new as HTML
  Rendering admins/sessions/new.html.erb within layouts/application
  Rendered admins/shared/_links.html.erb (1.1ms)
  Rendered admins/sessions/new.html.erb within layouts/application (4.5ms)
Completed 200 OK in 48ms (Views: 25.2ms | ActiveRecord: 4.8ms)


Started GET "/profiles/sign_in" for ::1 at 2023-06-06 08:50:39 -0300
  [1m[35m (0.9ms)[0m  [1m[34mSELECT "schema_migrations"."version" FROM "schema_migrations" ORDER BY "schema_migrations"."version" ASC[0m
  ↳ /home/studie/.rvm/gems/ruby-2.7.2/gems/activerecord-5.2.8.1/lib/active_record/log_subscriber.rb:98
Processing by Devise::SessionsController#new as HTML
  Rendering profiles/sessions/new.html.erb within layouts/application
  Rendered profiles/shared/_links.html.erb (1.2ms)
  Rendered profiles/sessions/new.html.erb within layouts/application (391.7ms)
Completed 200 OK in 625ms (Views: 602.0ms | ActiveRecord: 6.2ms)


Started GET "/profiles/sign_in" for ::1 at 2023-06-06 08:50:40 -0300
Processing by Devise::SessionsController#new as HTML
  Rendering profiles/sessions/new.html.erb within layouts/application
  Rendered profiles/shared/_links.html.erb (0.9ms)
  Rendered profiles/sessions/new.html.erb within layouts/application (4.9ms)
Completed 200 OK in 28ms (Views: 26.3ms | ActiveRecord: 0.0ms)


Started GET "/profiles/sign_in" for ::1 at 2023-06-06 08:50:41 -0300
Processing by Devise::SessionsController#new as HTML
  Rendering profiles/sessions/new.html.erb within layouts/application
  Rendered profiles/shared/_links.html.erb (1.1ms)
  Rendered profiles/sessions/new.html.erb within layouts/application (5.0ms)
Completed 200 OK in 55ms (Views: 53.3ms | ActiveRecord: 0.0ms)


Started GET "/admins/sign_in" for ::1 at 2023-06-06 08:50:43 -0300
Processing by Devise::SessionsController#new as HTML
  Rendering admins/sessions/new.html.erb within layouts/application
  Rendered admins/shared/_links.html.erb (1.2ms)
  Rendered admins/sessions/new.html.erb within layouts/application (4.9ms)
Completed 200 OK in 44ms (Views: 26.6ms | ActiveRecord: 5.1ms)


Started GET "/admins/sign_in" for ::1 at 2023-06-06 08:50:44 -0300
Processing by Devise::SessionsController#new as HTML
  Rendering admins/sessions/new.html.erb within layouts/application
  Rendered admins/shared/_links.html.erb (1.2ms)
  Rendered admins/sessions/new.html.erb within layouts/application (5.2ms)
Completed 200 OK in 29ms (Views: 28.1ms | ActiveRecord: 0.0ms)


Started GET "/admins/sign_in" for ::1 at 2023-06-06 08:50:44 -0300
Processing by Devise::SessionsController#new as HTML
  Rendering admins/sessions/new.html.erb within layouts/application
  Rendered admins/shared/_links.html.erb (1.7ms)
  Rendered admins/sessions/new.html.erb within layouts/application (6.5ms)
Completed 200 OK in 33ms (Views: 31.6ms | ActiveRecord: 0.0ms)


Started POST "/profiles/sign_in" for ::1 at 2023-06-06 09:16:34 -0300
  [1m[35m (0.7ms)[0m  [1m[34mSELECT "schema_migrations"."version" FROM "schema_migrations" ORDER BY "schema_migrations"."version" ASC[0m
  ↳ /home/studie/.rvm/gems/ruby-2.7.2/gems/activerecord-5.2.8.1/lib/active_record/log_subscriber.rb:98
Processing by Devise::SessionsController#create as HTML
  Parameters: {"utf8"=>"✓", "authenticity_token"=>"wWmkfOrgITRKo0yhN19Kggh347LdFQMYUzYYVjDIziQF+C+oNZjowqVqJsJ2Al3BeQ4KNzIR1GU5DNfdi9ffeA==", "profile"=>{"email"=>"sdasd@asd", "password"=>"[FILTERED]", "remember_me"=>"0"}, "commit"=>"Log in"}
Completed 401 Unauthorized in 7ms (ActiveRecord: 0.0ms)


Processing by Devise::SessionsController#new as HTML
  Parameters: {"utf8"=>"✓", "authenticity_token"=>"wWmkfOrgITRKo0yhN19Kggh347LdFQMYUzYYVjDIziQF+C+oNZjowqVqJsJ2Al3BeQ4KNzIR1GU5DNfdi9ffeA==", "profile"=>{"email"=>"sdasd@asd", "password"=>"[FILTERED]", "remember_me"=>"0"}, "commit"=>"Log in"}
  Rendering profiles/sessions/new.html.erb within layouts/application
  Rendered profiles/shared/_links.html.erb (1.2ms)
  Rendered profiles/sessions/new.html.erb within layouts/application (7.7ms)
Completed 200 OK in 254ms (Views: 236.7ms | ActiveRecord: 5.6ms)


Started POST "/profiles/sign_in" for ::1 at 2023-06-06 09:16:36 -0300
Processing by Devise::SessionsController#create as HTML
  Parameters: {"utf8"=>"✓", "authenticity_token"=>"taaK25bP6Y3nzWHKyn6sk/xnt7aW4dEfIBImvHog/f9xNwEPSbcgewgEC6mLI7vQjR5eM3nlBmJKKOk3wT/sow==", "profile"=>{"email"=>"sdasd@asd", "password"=>"[FILTERED]", "remember_me"=>"0"}, "commit"=>"Log in"}
Completed 401 Unauthorized in 1ms (ActiveRecord: 0.0ms)


Processing by Devise::SessionsController#new as HTML
  Parameters: {"utf8"=>"✓", "authenticity_token"=>"taaK25bP6Y3nzWHKyn6sk/xnt7aW4dEfIBImvHog/f9xNwEPSbcgewgEC6mLI7vQjR5eM3nlBmJKKOk3wT/sow==", "profile"=>{"email"=>"sdasd@asd", "password"=>"[FILTERED]", "remember_me"=>"0"}, "commit"=>"Log in"}
  Rendering profiles/sessions/new.html.erb within layouts/application
  Rendered profiles/shared/_links.html.erb (1.0ms)
  Rendered profiles/sessions/new.html.erb within layouts/application (4.2ms)
Completed 200 OK in 27ms (Views: 26.3ms | ActiveRecord: 0.0ms)


Started GET "/admins/sign_in" for ::1 at 2023-06-06 09:16:40 -0300
Processing by Devise::SessionsController#new as HTML
  Rendering admins/sessions/new.html.erb within layouts/application
  Rendered admins/shared/_links.html.erb (1.2ms)
  Rendered admins/sessions/new.html.erb within layouts/application (4.9ms)
Completed 200 OK in 43ms (Views: 26.0ms | ActiveRecord: 4.8ms)


Started GET "/admins/sign_in" for ::1 at 2023-06-06 09:16:40 -0300
Processing by Devise::SessionsController#new as HTML
  Rendering admins/sessions/new.html.erb within layouts/application
  Rendered admins/shared/_links.html.erb (1.0ms)
  Rendered admins/sessions/new.html.erb within layouts/application (4.8ms)
Completed 200 OK in 45ms (Views: 43.2ms | ActiveRecord: 0.0ms)


Started GET "/admins/sign_in" for ::1 at 2023-06-06 09:16:41 -0300
Processing by Devise::SessionsController#new as HTML
  Rendering admins/sessions/new.html.erb within layouts/application
  Rendered admins/shared/_links.html.erb (1.0ms)
  Rendered admins/sessions/new.html.erb within layouts/application (4.5ms)
Completed 200 OK in 26ms (Views: 25.1ms | ActiveRecord: 0.0ms)


Started GET "/admins/sign_in" for ::1 at 2023-06-06 09:16:41 -0300
Processing by Devise::SessionsController#new as HTML
  Rendering admins/sessions/new.html.erb within layouts/application
  Rendered admins/shared/_links.html.erb (0.9ms)
  Rendered admins/sessions/new.html.erb within layouts/application (5.0ms)
Completed 200 OK in 29ms (Views: 28.0ms | ActiveRecord: 0.0ms)


Started POST "/admins/sign_in" for ::1 at 2023-06-06 09:16:46 -0300
Processing by Devise::SessionsController#create as HTML
  Parameters: {"utf8"=>"✓", "authenticity_token"=>"OIvfIBf2uKm+PWnICHX6JgAs47J1Hb1aAEZFJWVzMSf8GlT0yI5xX1H0A6tJKO1lcVUKN5oZaidqfIqu3mwgew==", "admin"=>{"email"=>"admin@admin.com", "password"=>"[FILTERED]", "remember_me"=>"0"}, "commit"=>"Log in"}
  [1m[36mAdmin Load (0.8ms)[0m  [1m[34mSELECT  "admins".* FROM "admins" WHERE "admins"."email" = $1 ORDER BY "admins"."id" ASC LIMIT $2[0m  [["email", "admin@admin.com"], ["LIMIT", 1]]
  ↳ /home/studie/.rvm/gems/ruby-2.7.2/gems/activerecord-5.2.8.1/lib/active_record/log_subscriber.rb:98
Completed 401 Unauthorized in 9ms (ActiveRecord: 3.1ms)


Processing by Devise::SessionsController#new as HTML
  Parameters: {"utf8"=>"✓", "authenticity_token"=>"OIvfIBf2uKm+PWnICHX6JgAs47J1Hb1aAEZFJWVzMSf8GlT0yI5xX1H0A6tJKO1lcVUKN5oZaidqfIqu3mwgew==", "admin"=>{"email"=>"admin@admin.com", "password"=>"[FILTERED]", "remember_me"=>"0"}, "commit"=>"Log in"}
  Rendering admins/sessions/new.html.erb within layouts/application
  Rendered admins/shared/_links.html.erb (0.7ms)
  Rendered admins/sessions/new.html.erb within layouts/application (3.1ms)
Completed 200 OK in 369ms (Views: 20.3ms | ActiveRecord: 0.0ms)


Started GET "/admins/sign_up" for ::1 at 2023-06-06 09:16:49 -0300
Processing by Devise::RegistrationsController#new as HTML
  Rendering admins/registrations/new.html.erb within layouts/application
  Rendered admins/shared/_error_messages.html.erb (0.6ms)
  Rendered admins/shared/_links.html.erb (1.0ms)
  Rendered admins/registrations/new.html.erb within layouts/application (5.4ms)
Completed 200 OK in 28ms (Views: 27.1ms | ActiveRecord: 0.0ms)


Started POST "/admins/sign_in" for ::1 at 2023-06-06 09:16:53 -0300
Processing by Devise::SessionsController#create as HTML
  Parameters: {"utf8"=>"✓", "authenticity_token"=>"8KcggFxT+VE4Uan1nc3VZVeUAAZLcskLXqUKFfcHXvk0NqtUgyswp9eYw5bckMImJu3pg6R2HnY0n8WeTBhPpQ==", "admin"=>{"email"=>"admin@admin.com", "password"=>"[FILTERED]", "remember_me"=>"0"}, "commit"=>"Log in"}
  [1m[36mAdmin Load (0.6ms)[0m  [1m[34mSELECT  "admins".* FROM "admins" WHERE "admins"."email" = $1 ORDER BY "admins"."id" ASC LIMIT $2[0m  [["email", "admin@admin.com"], ["LIMIT", 1]]
  ↳ /home/studie/.rvm/gems/ruby-2.7.2/gems/activerecord-5.2.8.1/lib/active_record/log_subscriber.rb:98
Completed 401 Unauthorized in 3ms (ActiveRecord: 0.6ms)


Processing by Devise::SessionsController#new as HTML
  Parameters: {"utf8"=>"✓", "authenticity_token"=>"8KcggFxT+VE4Uan1nc3VZVeUAAZLcskLXqUKFfcHXvk0NqtUgyswp9eYw5bckMImJu3pg6R2HnY0n8WeTBhPpQ==", "admin"=>{"email"=>"admin@admin.com", "password"=>"[FILTERED]", "remember_me"=>"0"}, "commit"=>"Log in"}
  Rendering admins/sessions/new.html.erb within layouts/application
  Rendered admins/shared/_links.html.erb (0.7ms)
  Rendered admins/sessions/new.html.erb within layouts/application (2.9ms)
Completed 200 OK in 332ms (Views: 19.6ms | ActiveRecord: 0.0ms)


Started POST "/admins/sign_in" for ::1 at 2023-06-06 09:16:54 -0300
Processing by Devise::SessionsController#create as HTML
  Parameters: {"utf8"=>"✓", "authenticity_token"=>"HYUzUWNjA33KYyaEJlD4yK+PWPYGL6Of+/4s9z/sPxjZFLiFvBvKiyWqTOdnDe+L3vaxc+krdOKRxON8hPMuRA==", "admin"=>{"email"=>"admin@admin.com", "password"=>"[FILTERED]", "remember_me"=>"0"}, "commit"=>"Log in"}
Completed 401 Unauthorized in 2ms (ActiveRecord: 0.0ms)


Processing by Devise::SessionsController#new as HTML
  Parameters: {"utf8"=>"✓", "authenticity_token"=>"HYUzUWNjA33KYyaEJlD4yK+PWPYGL6Of+/4s9z/sPxjZFLiFvBvKiyWqTOdnDe+L3vaxc+krdOKRxON8hPMuRA==", "admin"=>{"email"=>"admin@admin.com", "password"=>"[FILTERED]", "remember_me"=>"0"}, "commit"=>"Log in"}
  Rendering admins/sessions/new.html.erb within layouts/application
  Rendered admins/shared/_links.html.erb (1.1ms)
  Rendered admins/sessions/new.html.erb within layouts/application (4.1ms)
Completed 200 OK in 35ms (Views: 33.7ms | ActiveRecord: 0.0ms)


Started POST "/profiles/sign_in" for ::1 at 2023-06-06 09:17:00 -0300
Processing by Devise::SessionsController#create as HTML
  Parameters: {"utf8"=>"✓", "authenticity_token"=>"Se4W9UyBECYjBrNT8xj/9rPs4hUSxnxQEPokkWW4fbKNf50hk/nZ0MzP2TCyRei1wpULkP3Cqy16wOsa3qds7g==", "profile"=>{"email"=>"sdasd@asd", "password"=>"[FILTERED]", "remember_me"=>"0"}, "commit"=>"Log in"}
  [1m[36mProfile Load (0.9ms)[0m  [1m[34mSELECT  "profiles".* FROM "profiles" WHERE "profiles"."email" = $1 ORDER BY "profiles"."id" ASC LIMIT $2[0m  [["email", "sdasd@asd"], ["LIMIT", 1]]
  ↳ /home/studie/.rvm/gems/ruby-2.7.2/gems/activerecord-5.2.8.1/lib/active_record/log_subscriber.rb:98
Completed 401 Unauthorized in 4ms (ActiveRecord: 0.9ms)


Processing by Devise::SessionsController#new as HTML
  Parameters: {"utf8"=>"✓", "authenticity_token"=>"Se4W9UyBECYjBrNT8xj/9rPs4hUSxnxQEPokkWW4fbKNf50hk/nZ0MzP2TCyRei1wpULkP3Cqy16wOsa3qds7g==", "profile"=>{"email"=>"sdasd@asd", "password"=>"[FILTERED]", "remember_me"=>"0"}, "commit"=>"Log in"}
  Rendering profiles/sessions/new.html.erb within layouts/application
  Rendered profiles/shared/_links.html.erb (0.8ms)
  Rendered profiles/sessions/new.html.erb within layouts/application (3.2ms)
Completed 200 OK in 341ms (Views: 21.0ms | ActiveRecord: 0.0ms)


Started POST "/profiles/sign_in" for ::1 at 2023-06-06 09:17:01 -0300
Processing by Devise::SessionsController#create as HTML
  Parameters: {"utf8"=>"✓", "authenticity_token"=>"RqrvfIQwK7hoyG1AiK6xjKvS8Nd9EjkmtGGbYaKstkqCO2SoW0jiTocBByPJ86bP2qsZUpIW7lveW1TqGbOnFg==", "profile"=>{"email"=>"sdasd@asd", "password"=>"[FILTERED]", "remember_me"=>"0"}, "commit"=>"Log in"}
Completed 401 Unauthorized in 1ms (ActiveRecord: 0.0ms)


Processing by Devise::SessionsController#new as HTML
  Parameters: {"utf8"=>"✓", "authenticity_token"=>"RqrvfIQwK7hoyG1AiK6xjKvS8Nd9EjkmtGGbYaKstkqCO2SoW0jiTocBByPJ86bP2qsZUpIW7lveW1TqGbOnFg==", "profile"=>{"email"=>"sdasd@asd", "password"=>"[FILTERED]", "remember_me"=>"0"}, "commit"=>"Log in"}
  Rendering profiles/sessions/new.html.erb within layouts/application
  Rendered profiles/shared/_links.html.erb (1.0ms)
  Rendered profiles/sessions/new.html.erb within layouts/application (4.2ms)
Completed 200 OK in 28ms (Views: 26.6ms | ActiveRecord: 0.0ms)


Started POST "/profiles/sign_in" for ::1 at 2023-06-06 09:17:02 -0300
Processing by Devise::SessionsController#create as HTML
  Parameters: {"utf8"=>"✓", "authenticity_token"=>"vTZg2u5Zz+sHzPIou+5gx39uH7fnQVyQhwYQ2sqBvd95p+sOMSEGHegFmEv6s3eEDhf2MghFi+3tPN9RcZ6sgw==", "profile"=>{"email"=>"sdasd@asd", "password"=>"[FILTERED]", "remember_me"=>"0"}, "commit"=>"Log in"}
Completed 401 Unauthorized in 1ms (ActiveRecord: 0.0ms)


Processing by Devise::SessionsController#new as HTML
  Parameters: {"utf8"=>"✓", "authenticity_token"=>"vTZg2u5Zz+sHzPIou+5gx39uH7fnQVyQhwYQ2sqBvd95p+sOMSEGHegFmEv6s3eEDhf2MghFi+3tPN9RcZ6sgw==", "profile"=>{"email"=>"sdasd@asd", "password"=>"[FILTERED]", "remember_me"=>"0"}, "commit"=>"Log in"}
  Rendering profiles/sessions/new.html.erb within layouts/application
  Rendered profiles/shared/_links.html.erb (1.0ms)
  Rendered profiles/sessions/new.html.erb within layouts/application (4.1ms)
Completed 200 OK in 27ms (Views: 25.7ms | ActiveRecord: 0.0ms)


Started POST "/profiles/sign_in" for ::1 at 2023-06-06 09:17:07 -0300
Processing by Devise::SessionsController#create as HTML
  Parameters: {"utf8"=>"✓", "authenticity_token"=>"qsrPUDkiFVU5Zgw4HTu4W0fyC7lZoSEym12xIrttvc5uW0SE5lrco9avZltcZq8YNoviPLal9k/xZ36pAHKskg==", "profile"=>{"email"=>"admin@admin.com", "password"=>"[FILTERED]", "remember_me"=>"0"}, "commit"=>"Log in"}
  [1m[36mProfile Load (0.6ms)[0m  [1m[34mSELECT  "profiles".* FROM "profiles" WHERE "profiles"."email" = $1 ORDER BY "profiles"."id" ASC LIMIT $2[0m  [["email", "admin@admin.com"], ["LIMIT", 1]]
  ↳ /home/studie/.rvm/gems/ruby-2.7.2/gems/activerecord-5.2.8.1/lib/active_record/log_subscriber.rb:98
Completed 401 Unauthorized in 3ms (ActiveRecord: 0.6ms)


Processing by Devise::SessionsController#new as HTML
  Parameters: {"utf8"=>"✓", "authenticity_token"=>"qsrPUDkiFVU5Zgw4HTu4W0fyC7lZoSEym12xIrttvc5uW0SE5lrco9avZltcZq8YNoviPLal9k/xZ36pAHKskg==", "profile"=>{"email"=>"admin@admin.com", "password"=>"[FILTERED]", "remember_me"=>"0"}, "commit"=>"Log in"}
  Rendering profiles/sessions/new.html.erb within layouts/application
  Rendered profiles/shared/_links.html.erb (0.7ms)
  Rendered profiles/sessions/new.html.erb within layouts/application (3.0ms)
Completed 200 OK in 349ms (Views: 20.5ms | ActiveRecord: 0.0ms)


Started POST "/profiles/sign_in" for ::1 at 2023-06-06 09:17:08 -0300
Processing by Devise::SessionsController#create as HTML
  Parameters: {"utf8"=>"✓", "authenticity_token"=>"W1eWrZUezgYJ7oChncqkjGe/58Z5x6FzVzLSsXYiEwKfxh15SmYH8OYn6sLcl7PPFsYOQ5bDdg49CB06zT0CXg==", "profile"=>{"email"=>"admin@admin.com", "password"=>"[FILTERED]", "remember_me"=>"0"}, "commit"=>"Log in"}
Completed 401 Unauthorized in 1ms (ActiveRecord: 0.0ms)


Processing by Devise::SessionsController#new as HTML
  Parameters: {"utf8"=>"✓", "authenticity_token"=>"W1eWrZUezgYJ7oChncqkjGe/58Z5x6FzVzLSsXYiEwKfxh15SmYH8OYn6sLcl7PPFsYOQ5bDdg49CB06zT0CXg==", "profile"=>{"email"=>"admin@admin.com", "password"=>"[FILTERED]", "remember_me"=>"0"}, "commit"=>"Log in"}
  Rendering profiles/sessions/new.html.erb within layouts/application
  Rendered profiles/shared/_links.html.erb (0.9ms)
  Rendered profiles/sessions/new.html.erb within layouts/application (3.7ms)
Completed 200 OK in 25ms (Views: 23.8ms | ActiveRecord: 0.0ms)


Started POST "/profiles/sign_in" for ::1 at 2023-06-06 09:17:08 -0300
Processing by Devise::SessionsController#create as HTML
  Parameters: {"utf8"=>"✓", "authenticity_token"=>"L1YMYfOgksjJoxSq//P00LQVI8uTioIJoiOC89STBzDrx4e1LNhbPiZqfsm+ruOTxWzKTnyOVXTIGU14b4wWbA==", "profile"=>{"email"=>"admin@admin.com", "password"=>"[FILTERED]", "remember_me"=>"0"}, "commit"=>"Log in"}
Completed 401 Unauthorized in 1ms (ActiveRecord: 0.0ms)


Processing by Devise::SessionsController#new as HTML
  Parameters: {"utf8"=>"✓", "authenticity_token"=>"L1YMYfOgksjJoxSq//P00LQVI8uTioIJoiOC89STBzDrx4e1LNhbPiZqfsm+ruOTxWzKTnyOVXTIGU14b4wWbA==", "profile"=>{"email"=>"admin@admin.com", "password"=>"[FILTERED]", "remember_me"=>"0"}, "commit"=>"Log in"}
  Rendering profiles/sessions/new.html.erb within layouts/application
  Rendered profiles/shared/_links.html.erb (0.9ms)
  Rendered profiles/sessions/new.html.erb within layouts/application (3.9ms)
Completed 200 OK in 25ms (Views: 24.2ms | ActiveRecord: 0.0ms)


Started GET "/profiles/sign_in" for ::1 at 2023-06-06 09:17:19 -0300
Processing by Devise::SessionsController#new as HTML
  Rendering profiles/sessions/new.html.erb within layouts/application
  Rendered profiles/shared/_links.html.erb (1.0ms)
  Rendered profiles/sessions/new.html.erb within layouts/application (4.3ms)
Completed 200 OK in 27ms (Views: 25.6ms | ActiveRecord: 0.0ms)


Started GET "/profiles/sign_in" for ::1 at 2023-06-06 09:17:23 -0300
Processing by Devise::SessionsController#new as HTML
  Rendering profiles/sessions/new.html.erb within layouts/application
  Rendered profiles/shared/_links.html.erb (1.2ms)
  Rendered profiles/sessions/new.html.erb within layouts/application (5.1ms)
Completed 200 OK in 30ms (Views: 28.3ms | ActiveRecord: 0.0ms)


Started POST "/profiles/sign_in" for ::1 at 2023-06-06 09:17:28 -0300
Processing by Devise::SessionsController#create as HTML
  Parameters: {"utf8"=>"✓", "authenticity_token"=>"FQBJnyGk3Q/8UXbD8Im2uR+rjs5r+2x6niE8HiXPhBTRkcJL/twU+ROYHKCx1KH6btJnS4T/uwf0G/OVntCVSA==", "profile"=>{"email"=>"admin@admin.com", "password"=>"[FILTERED]", "remember_me"=>"0"}, "commit"=>"Log in"}
  [1m[36mProfile Load (0.6ms)[0m  [1m[34mSELECT  "profiles".* FROM "profiles" WHERE "profiles"."email" = $1 ORDER BY "profiles"."id" ASC LIMIT $2[0m  [["email", "admin@admin.com"], ["LIMIT", 1]]
  ↳ /home/studie/.rvm/gems/ruby-2.7.2/gems/activerecord-5.2.8.1/lib/active_record/log_subscriber.rb:98
Completed 401 Unauthorized in 3ms (ActiveRecord: 0.6ms)


Processing by Devise::SessionsController#new as HTML
  Parameters: {"utf8"=>"✓", "authenticity_token"=>"FQBJnyGk3Q/8UXbD8Im2uR+rjs5r+2x6niE8HiXPhBTRkcJL/twU+ROYHKCx1KH6btJnS4T/uwf0G/OVntCVSA==", "profile"=>{"email"=>"admin@admin.com", "password"=>"[FILTERED]", "remember_me"=>"0"}, "commit"=>"Log in"}
  Rendering profiles/sessions/new.html.erb within layouts/application
  Rendered profiles/shared/_links.html.erb (0.7ms)
  Rendered profiles/sessions/new.html.erb within layouts/application (2.9ms)
Completed 200 OK in 346ms (Views: 21.2ms | ActiveRecord: 0.0ms)


Started POST "/profiles/sign_in" for ::1 at 2023-06-06 09:18:13 -0300
Processing by Devise::SessionsController#create as HTML
  Parameters: {"utf8"=>"✓", "authenticity_token"=>"LMgtTTMZfS2zop920aixSK57G7LnuZXZo2MHNOThD8HoWaaZ7GG021xr9RWQ9aYL3wLyNwi9QqTJWci/X/4enQ==", "profile"=>{"email"=>"asdfa@sfk", "password"=>"[FILTERED]", "remember_me"=>"0"}, "commit"=>"Log in"}
Completed 401 Unauthorized in 1ms (ActiveRecord: 0.0ms)


Processing by Devise::SessionsController#new as HTML
  Parameters: {"utf8"=>"✓", "authenticity_token"=>"LMgtTTMZfS2zop920aixSK57G7LnuZXZo2MHNOThD8HoWaaZ7GG021xr9RWQ9aYL3wLyNwi9QqTJWci/X/4enQ==", "profile"=>{"email"=>"asdfa@sfk", "password"=>"[FILTERED]", "remember_me"=>"0"}, "commit"=>"Log in"}
  Rendering profiles/sessions/new.html.erb within layouts/application
  Rendered profiles/shared/_links.html.erb (1.1ms)
  Rendered profiles/sessions/new.html.erb within layouts/application (4.3ms)
Completed 200 OK in 28ms (Views: 26.9ms | ActiveRecord: 0.0ms)


Started POST "/profiles/sign_in" for ::1 at 2023-06-06 09:18:13 -0300
Processing by Devise::SessionsController#create as HTML
  Parameters: {"utf8"=>"✓", "authenticity_token"=>"QmxhwkXHqZNRaj7koPr9/86xM77q+YfOuVfYvidOV2GG/eoWmr9gZb6jVIfhp+q8v8jaOwX9ULPTbRc1nFFGPQ==", "profile"=>{"email"=>"asdfa@sfk", "password"=>"[FILTERED]", "remember_me"=>"0"}, "commit"=>"Log in"}
Completed 401 Unauthorized in 1ms (ActiveRecord: 0.0ms)


Processing by Devise::SessionsController#new as HTML
  Parameters: {"utf8"=>"✓", "authenticity_token"=>"QmxhwkXHqZNRaj7koPr9/86xM77q+YfOuVfYvidOV2GG/eoWmr9gZb6jVIfhp+q8v8jaOwX9ULPTbRc1nFFGPQ==", "profile"=>{"email"=>"asdfa@sfk", "password"=>"[FILTERED]", "remember_me"=>"0"}, "commit"=>"Log in"}
  Rendering profiles/sessions/new.html.erb within layouts/application
  Rendered profiles/shared/_links.html.erb (1.1ms)
  Rendered profiles/sessions/new.html.erb within layouts/application (4.5ms)
Completed 200 OK in 28ms (Views: 27.5ms | ActiveRecord: 0.0ms)


Started POST "/profiles/sign_in" for ::1 at 2023-06-06 09:18:14 -0300
Processing by Devise::SessionsController#create as HTML
  Parameters: {"utf8"=>"✓", "authenticity_token"=>"KMfjuQT8+Zh6+r26zdc00QDjfC33gnxW8o4Nd6lSeyXsVmht24QwbpUz19mMiiOScZqVqBiGqyuYtML8Ek1qeQ==", "profile"=>{"email"=>"asdfa@sfk", "password"=>"[FILTERED]", "remember_me"=>"0"}, "commit"=>"Log in"}
Completed 401 Unauthorized in 1ms (ActiveRecord: 0.0ms)


Processing by Devise::SessionsController#new as HTML
  Parameters: {"utf8"=>"✓", "authenticity_token"=>"KMfjuQT8+Zh6+r26zdc00QDjfC33gnxW8o4Nd6lSeyXsVmht24QwbpUz19mMiiOScZqVqBiGqyuYtML8Ek1qeQ==", "profile"=>{"email"=>"asdfa@sfk", "password"=>"[FILTERED]", "remember_me"=>"0"}, "commit"=>"Log in"}
  Rendering profiles/sessions/new.html.erb within layouts/application
  Rendered profiles/shared/_links.html.erb (1.0ms)
  Rendered profiles/sessions/new.html.erb within layouts/application (4.6ms)
Completed 200 OK in 29ms (Views: 28.1ms | ActiveRecord: 0.0ms)


Started POST "/profiles/sign_in" for ::1 at 2023-06-06 09:18:14 -0300
Processing by Devise::SessionsController#create as HTML
  Parameters: {"utf8"=>"✓", "authenticity_token"=>"drdUepp+FP0o6EuviJ94FzWcY0m69NRkKHbsZB7AEs2yJt+uRQbdC8chIczJwm9UROWKzFXwAxlCTCPvpd8DkQ==", "profile"=>{"email"=>"asdfa@sfk", "password"=>"[FILTERED]", "remember_me"=>"0"}, "commit"=>"Log in"}
Completed 401 Unauthorized in 1ms (ActiveRecord: 0.0ms)


Processing by Devise::SessionsController#new as HTML
  Parameters: {"utf8"=>"✓", "authenticity_token"=>"drdUepp+FP0o6EuviJ94FzWcY0m69NRkKHbsZB7AEs2yJt+uRQbdC8chIczJwm9UROWKzFXwAxlCTCPvpd8DkQ==", "profile"=>{"email"=>"asdfa@sfk", "password"=>"[FILTERED]", "remember_me"=>"0"}, "commit"=>"Log in"}
  Rendering profiles/sessions/new.html.erb within layouts/application
  Rendered profiles/shared/_links.html.erb (1.1ms)
  Rendered profiles/sessions/new.html.erb within layouts/application (4.4ms)
Completed 200 OK in 35ms (Views: 34.3ms | ActiveRecord: 0.0ms)


Started POST "/profiles/sign_in" for ::1 at 2023-06-06 09:18:14 -0300
Processing by Devise::SessionsController#create as HTML
  Parameters: {"utf8"=>"✓", "authenticity_token"=>"DWF0xsC525N6OIGmGWIY+ezO7ooPf1D8pvtPYx9TLHLJ8P8SH8ESZZXx68VYPw+6nbcHD+B7h4HMwYDopEw9Lg==", "profile"=>{"email"=>"asdfa@sfk", "password"=>"[FILTERED]", "remember_me"=>"0"}, "commit"=>"Log in"}
Completed 401 Unauthorized in 1ms (ActiveRecord: 0.0ms)


Processing by Devise::SessionsController#new as HTML
  Parameters: {"utf8"=>"✓", "authenticity_token"=>"DWF0xsC525N6OIGmGWIY+ezO7ooPf1D8pvtPYx9TLHLJ8P8SH8ESZZXx68VYPw+6nbcHD+B7h4HMwYDopEw9Lg==", "profile"=>{"email"=>"asdfa@sfk", "password"=>"[FILTERED]", "remember_me"=>"0"}, "commit"=>"Log in"}
  Rendering profiles/sessions/new.html.erb within layouts/application
  Rendered profiles/shared/_links.html.erb (1.2ms)
  Rendered profiles/sessions/new.html.erb within layouts/application (5.0ms)
Completed 200 OK in 27ms (Views: 26.5ms | ActiveRecord: 0.0ms)


Started POST "/profiles/sign_in" for ::1 at 2023-06-06 09:18:14 -0300
Processing by Devise::SessionsController#create as HTML
  Parameters: {"utf8"=>"✓", "authenticity_token"=>"5dQpAuDlKm1w+MSSl9yMJgD2t6Lkyha5ytmrCJ/vCgYhRaLWP53jm58xrvHWgZtlcY9eJwvOwcSg42SDJPAbWg==", "profile"=>{"email"=>"asdfa@sfk", "password"=>"[FILTERED]", "remember_me"=>"0"}, "commit"=>"Log in"}
Completed 401 Unauthorized in 1ms (ActiveRecord: 0.0ms)


Processing by Devise::SessionsController#new as HTML
  Parameters: {"utf8"=>"✓", "authenticity_token"=>"5dQpAuDlKm1w+MSSl9yMJgD2t6Lkyha5ytmrCJ/vCgYhRaLWP53jm58xrvHWgZtlcY9eJwvOwcSg42SDJPAbWg==", "profile"=>{"email"=>"asdfa@sfk", "password"=>"[FILTERED]", "remember_me"=>"0"}, "commit"=>"Log in"}
  Rendering profiles/sessions/new.html.erb within layouts/application
  Rendered profiles/shared/_links.html.erb (1.1ms)
  Rendered profiles/sessions/new.html.erb within layouts/application (4.0ms)
Completed 200 OK in 28ms (Views: 27.3ms | ActiveRecord: 0.0ms)


Started GET "/profiles/sign_in" for ::1 at 2023-06-06 09:18:20 -0300
Processing by Devise::SessionsController#new as HTML
  Rendering profiles/sessions/new.html.erb within layouts/application
  Rendered profiles/shared/_links.html.erb (1.0ms)
  Rendered profiles/sessions/new.html.erb within layouts/application (4.2ms)
Completed 200 OK in 28ms (Views: 26.9ms | ActiveRecord: 0.0ms)


Started GET "/profiles/sign_in" for ::1 at 2023-06-06 09:18:21 -0300
Processing by Devise::SessionsController#new as HTML
  Rendering profiles/sessions/new.html.erb within layouts/application
  Rendered profiles/shared/_links.html.erb (1.0ms)
  Rendered profiles/sessions/new.html.erb within layouts/application (5.2ms)
Completed 200 OK in 30ms (Views: 28.5ms | ActiveRecord: 0.0ms)


Started GET "/rails/info/routes" for ::1 at 2023-06-06 09:38:43 -0300
  [1m[35m (0.8ms)[0m  [1m[34mSELECT "schema_migrations"."version" FROM "schema_migrations" ORDER BY "schema_migrations"."version" ASC[0m
  ↳ /home/studie/.rvm/gems/ruby-2.7.2/gems/activerecord-5.2.8.1/lib/active_record/log_subscriber.rb:98
Processing by Rails::InfoController#routes as HTML
  Rendering /home/studie/.rvm/gems/ruby-2.7.2/gems/railties-5.2.8.1/lib/rails/templates/rails/info/routes.html.erb within layouts/application
  Rendered collection of /home/studie/.rvm/gems/ruby-2.7.2/gems/actionpack-5.2.8.1/lib/action_dispatch/middleware/templates/routes/_route.html.erb [39 times] (11.0ms)
  Rendered /home/studie/.rvm/gems/ruby-2.7.2/gems/actionpack-5.2.8.1/lib/action_dispatch/middleware/templates/routes/_table.html.erb (2.7ms)
  Rendered /home/studie/.rvm/gems/ruby-2.7.2/gems/railties-5.2.8.1/lib/rails/templates/rails/info/routes.html.erb within layouts/application (17.4ms)
Completed 200 OK in 26ms (Views: 20.2ms | ActiveRecord: 0.0ms)


Started GET "/" for ::1 at 2023-06-06 11:02:14 -0300
  [1m[35m (0.7ms)[0m  [1m[34mSELECT "schema_migrations"."version" FROM "schema_migrations" ORDER BY "schema_migrations"."version" ASC[0m
  ↳ /home/studie/.rvm/gems/ruby-2.7.2/gems/activerecord-5.2.8.1/lib/active_record/log_subscriber.rb:98
Processing by WelcomeController#index as HTML
  Rendering welcome/index.html.erb within layouts/application
  Rendered welcome/index.html.erb within layouts/application (0.6ms)
Completed 200 OK in 345ms (Views: 339.0ms | ActiveRecord: 0.0ms)


